<?xml version="1.0" encoding="UTF-8"?>
<testsuite xmlns:xsi="http://www.w3.org/2001/XMLSchema-instance" xsi:noNamespaceSchemaLocation="https://maven.apache.org/surefire/maven-surefire-plugin/xsd/surefire-test-report.xsd" version="3.0.1" name="Recursion.RecursionTest" time="0.027" tests="4" errors="0" skipped="0" failures="0">
  <properties>
[...]
</properties>
  <testcase name="testTailFactorial" classname="Recursion.RecursionTest" time="0.009"/>
  <testcase name="testTailFibonacci" classname="Recursion.RecursionTest" time="0.001"/>
  <testcase name="testFactorial" classname="Recursion.RecursionTest" time="0.001"/>
  <testcase name="testFibonacci" classname="Recursion.RecursionTest" time="0.001"/>
</testsuite>