<?xml version="1.0" encoding="UTF-8"?>
<testsuite xmlns:xsi="http://www.w3.org/2001/XMLSchema-instance" xsi:noNamespaceSchemaLocation="https://maven.apache.org/surefire/maven-surefire-plugin/xsd/surefire-test-report.xsd" version="3.0.1" name="Stack.StackTest" time="0.028" tests="6" errors="0" skipped="0" failures="0">
  <properties>
[...]
</properties>
  <testcase name="testSize" classname="Stack.StackTest" time="0.007"/>
  <testcase name="testOnTopEmptyStack" classname="Stack.StackTest" time="0.001"/>
  <testcase name="testPushAndPop" classname="Stack.StackTest" time="0.001"/>
  <testcase name="testOnPopEmptyStack" classname="Stack.StackTest" time="0.0"/>
  <testcase name="testIsEmpty" classname="Stack.StackTest" time="0.001"/>
  <testcase name="testOnFullStack" classname="Stack.StackTest" time="0.001"/>
</testsuite>